-------------------------------------------------------------------------------
Test set: poly.edu.vn.display.other.NhanvienDaoNGTest
-------------------------------------------------------------------------------
Tests run: 9, Failures: 7, Errors: 0, Skipped: 0, Time elapsed: 3.226 s <<< FAILURE! - in poly.edu.vn.display.other.NhanvienDaoNGTest
poly.edu.vn.display.other.NhanvienDaoNGTest.testDelete  Time elapsed: 0.064 s  <<< FAILURE!
java.lang.AssertionError: The test case is a prototype.
	at poly.edu.vn.display.other.NhanvienDaoNGTest.testDelete(NhanvienDaoNGTest.java:116)

poly.edu.vn.display.other.NhanvienDaoNGTest.testFindByIdWithNotFoundID  Time elapsed: 0.042 s  <<< FAILURE!
org.mockito.exceptions.misusing.InvalidUseOfMatchersException: 

Misplaced or misused argument matcher detected here:

-> at poly.edu.vn.display.other.NhanvienDaoNGTest.testFindByIdWithNotFoundID(NhanvienDaoNGTest.java:161)
-> at poly.edu.vn.display.other.NhanvienDaoNGTest.testFindByIdWithNotFoundID(NhanvienDaoNGTest.java:162)

You cannot use argument matchers outside of verification or stubbing.
Examples of correct usage of argument matchers:
    when(mock.get(anyInt())).thenReturn(null);
    doThrow(new RuntimeException()).when(mock).someVoidMethod(anyObject());
    verify(mock).someMethod(contains("foo"))

This message may appear after an NullPointerException if the last matcher is returning an object 
like any() but the stubbed method signature expect a primitive argument, in this case,
use primitive alternatives.
    when(mock.get(any())); // bad use, will raise NPE
    when(mock.get(anyInt())); // correct usage use

Also, this error might show up because you use argument matchers with methods that cannot be mocked.
Following methods *cannot* be stubbed/verified: final/private/equals()/hashCode().
Mocking methods declared on non-public parent classes is not supported.


poly.edu.vn.display.other.NhanvienDaoNGTest.testFindByIdWithvalidID  Time elapsed: 0.006 s  <<< FAILURE!
org.powermock.core.InvocationException: 
org.mockito.exceptions.misusing.UnfinishedStubbingException: 
Unfinished stubbing detected here:
-> at poly.edu.vn.display.other.NhanvienDaoNGTest.testFindByIdWithNotFoundID(NhanvienDaoNGTest.java:159)

E.g. thenReturn() may be missing.
Examples of correct stubbing:
    when(mock.isOk()).thenReturn(true);
    when(mock.isOk()).thenThrow(exception);
    doThrow(exception).when(mock).someVoidMethod();
Hints:
 1. missing thenReturn()
 2. you are trying to stub a final method, which is not supported
 3: you are stubbing the behaviour of another mock inside before 'thenReturn' instruction is completed

	at poly.edu.vn.display.other.NhanvienDaoNGTest.testFindByIdWithvalidID(NhanvienDaoNGTest.java:136)
Caused by: org.mockito.exceptions.misusing.UnfinishedStubbingException: 

Unfinished stubbing detected here:
-> at poly.edu.vn.display.other.NhanvienDaoNGTest.testFindByIdWithNotFoundID(NhanvienDaoNGTest.java:159)

E.g. thenReturn() may be missing.
Examples of correct stubbing:
    when(mock.isOk()).thenReturn(true);
    when(mock.isOk()).thenThrow(exception);
    doThrow(exception).when(mock).someVoidMethod();
Hints:
 1. missing thenReturn()
 2. you are trying to stub a final method, which is not supported
 3: you are stubbing the behaviour of another mock inside before 'thenReturn' instruction is completed

	at poly.edu.vn.display.other.NhanvienDaoNGTest.testFindByIdWithvalidID(NhanvienDaoNGTest.java:136)

poly.edu.vn.display.other.NhanvienDaoNGTest.testInsertWithEmptyModel  Time elapsed: 0.004 s  <<< FAILURE!
org.testng.TestException: 

Method NhanvienDaoNGTest.testInsertWithEmptyModel()[pri:0, instance:poly.edu.vn.display.other.NhanvienDaoNGTest_$$_jvst7c2_0@5c86dbc5] should have thrown an exception of type class java.lang.Exception

poly.edu.vn.display.other.NhanvienDaoNGTest.testSelect  Time elapsed: 0.005 s  <<< FAILURE!
java.lang.NullPointerException
	at poly.edu.vn.display.other.NhanvienDaoNGTest.testSelect(NhanvienDaoNGTest.java:124)

poly.edu.vn.display.other.NhanvienDaoNGTest.testUpdate  Time elapsed: 0.002 s  <<< FAILURE!
java.lang.NullPointerException
	at poly.edu.vn.display.other.NhanvienDaoNGTest.testUpdate(NhanvienDaoNGTest.java:97)

poly.edu.vn.display.other.NhanvienDaoNGTest.testUpdate1  Time elapsed: 0.002 s  <<< FAILURE!
java.lang.NullPointerException
	at poly.edu.vn.display.other.NhanvienDaoNGTest.testUpdate1(NhanvienDaoNGTest.java:106)

